<?xml version="1.0" encoding="UTF-8"?>
<testsuites name="jest tests" tests="6" failures="0" errors="0" time="1.756">
  <testsuite name="Check string contains" errors="0" failures="0" skipped="0" timestamp="2020-12-07T13:53:34" time="1.703" tests="6">
    <testcase classname="Check string contains should eval to true" name="Check string contains should eval to true" time="0.024">
    </testcase>
    <testcase classname="Check string contains should eval to true" name="Check string contains should eval to true" time="0.001">
    </testcase>
    <testcase classname="Check string does not contain should eval to false" name="Check string does not contain should eval to false" time="0.001">
    </testcase>
    <testcase classname="Check string does not contain should eval to false" name="Check string does not contain should eval to false" time="0.001">
    </testcase>
    <testcase classname="Check strings contain should eval to true" name="Check strings contain should eval to true" time="0.003">
    </testcase>
    <testcase classname="Check string do not contain should eval to false" name="Check string do not contain should eval to false" time="0.002">
    </testcase>
  </testsuite>
</testsuites>