<?xml version="1.0" encoding="UTF-8"?>
<testsuites name="jest tests" tests="9" failures="0" errors="0" time="1.903">
  <testsuite name="Row Checker" errors="0" failures="0" skipped="0" timestamp="2020-12-05T13:47:02" time="1.829" tests="9">
    <testcase classname="Row Checker should eval to the right row" name="Row Checker should eval to the right row" time="0.03">
    </testcase>
    <testcase classname="Row Checker should eval to the right row" name="Row Checker should eval to the right row" time="0.005">
    </testcase>
    <testcase classname="Row Checker should eval to the right row" name="Row Checker should eval to the right row" time="0.005">
    </testcase>
    <testcase classname="Row Checker should eval to the right row" name="Row Checker should eval to the right row" time="0.003">
    </testcase>
    <testcase classname="Row Checker should eval to the right row" name="Row Checker should eval to the right row" time="0.003">
    </testcase>
    <testcase classname="Row Checker should eval to the right row" name="Row Checker should eval to the right row" time="0.002">
    </testcase>
    <testcase classname="Boarding Pass Calc should eval to the right row" name="Boarding Pass Calc should eval to the right row" time="0.007">
    </testcase>
    <testcase classname="Boarding Pass Calc should eval to the right row" name="Boarding Pass Calc should eval to the right row" time="0.007">
    </testcase>
    <testcase classname="Boarding Pass Calc should eval to the right row" name="Boarding Pass Calc should eval to the right row" time="0.007">
    </testcase>
  </testsuite>
</testsuites>